
{"cause":"One or more arguments were incomplete or not valid.\n    List of required arguments:\n       *Title: needs to be string, recived: \n       *Description: needs to be string, recived: \n       *Code: needs to be string, recived: dfg\n       *Price: needs to be string, recived: 55\n       *Stock: needs to be number, recived: 55\n       *Category: needs to be string, recived: man","code":1,"level":"error","message":"Error Personalizado: TYPE_ERROR - Error trying to create the product."}
{"cause":"One or more arguments were incomplete or not valid.\n    List of required arguments:\n       *Title: needs to be string, recived: \n       *Description: needs to be string, recived: sdf\n       *Code: needs to be string, recived: \n       *Price: needs to be string, recived: \n       *Stock: needs to be number, recived: \n       *Category: needs to be string, recived: ","code":1,"level":"error","message":"Error Personalizado: TYPE_ERROR - Error trying to create the product."}
{"level":"error","message":"Error Personalizado: TypeError - Cannot read properties of undefined (reading 'first_name')"}
{"level":"error","message":"Error Personalizado: TypeError - Cannot read properties of undefined (reading 'first_name')"}
{"level":"error","message":"Error Personalizado: TypeError - Cannot read properties of undefined (reading 'first_name')"}
{"level":"error","message":"Error Personalizado: TypeError - Cannot read properties of undefined (reading 'first_name')"}
{"level":"error","message":"Error Personalizado: TypeError - Cannot read properties of undefined (reading 'first_name')"}
{"level":"error","message":"Error Personalizado: TypeError - Cannot read properties of undefined (reading 'first_name')"}
{"level":"error","message":"Error Personalizado: TypeError - Cannot read properties of undefined (reading 'first_name')"}
{"level":"error","message":"Error Personalizado: TypeError - Cannot read properties of undefined (reading 'first_name')"}
{"level":"error","message":"Error Personalizado: TypeError - Cannot read properties of undefined (reading 'first_name')"}
{"level":"error","message":"Error Personalizado: TypeError - Cannot read properties of undefined (reading 'first_name')"}
{"level":"error","message":"Error Personalizado: TypeError - Cannot read properties of undefined (reading 'first_name')"}
{"level":"error","message":"Error Personalizado: TypeError - Cannot read properties of undefined (reading 'first_name')"}
{"level":"error","message":"Error Personalizado: TypeError - Cannot read properties of undefined (reading 'first_name')"}
{"level":"error","message":"Error Personalizado: TypeError - Cannot read properties of undefined (reading 'first_name')"}
{"level":"error","message":"Error Personalizado: TypeError - Cannot read properties of undefined (reading 'first_name')"}
{"level":"error","message":"Error Personalizado: TypeError - Cannot read properties of undefined (reading 'first_name')"}
{"level":"error","message":"Error Personalizado: TypeError - Cannot read properties of undefined (reading 'first_name')"}
{"level":"error","message":"Error Personalizado: TypeError - Cannot read properties of undefined (reading 'first_name')"}
{"level":"error","message":"Error Personalizado: TypeError - Cannot read properties of undefined (reading 'first_name')"}
{"level":"error","message":"Error Personalizado: TypeError - Cannot read properties of undefined (reading 'first_name')"}
{"level":"error","message":"Error Personalizado: TypeError - Cannot read properties of undefined (reading 'first_name')"}
{"level":"error","message":"Error Personalizado: TypeError - Cannot read properties of undefined (reading 'first_name')"}
{"level":"error","message":"Error Personalizado: TypeError - Cannot read properties of undefined (reading 'first_name')"}
{"level":"error","message":"Error Personalizado: TypeError - Cannot read properties of undefined (reading 'first_name')"}
{"level":"error","message":"Error Personalizado: TypeError - Cannot read properties of undefined (reading 'first_name')"}
{"level":"error","message":"Error Personalizado: TypeError - Cannot read properties of undefined (reading 'first_name')"}
{"level":"error","message":"Error Personalizado: TypeError - Cannot read properties of undefined (reading 'first_name')"}
{"level":"error","message":"Error Personalizado: TypeError - Cannot read properties of undefined (reading 'first_name')"}
{"level":"error","message":"Error Personalizado: TypeError - Cannot read properties of undefined (reading 'first_name')"}
{"level":"error","message":"Error Personalizado: TypeError - Cannot read properties of undefined (reading 'first_name')"}
{"level":"error","message":"Error Personalizado: TypeError - Cannot read properties of undefined (reading 'first_name')"}
{"level":"error","message":"Error Personalizado: TypeError - Cannot read properties of undefined (reading 'first_name')"}
{"level":"error","message":"Error Personalizado: TypeError - Cannot read properties of undefined (reading 'first_name')"}
{"level":"error","message":"Error Personalizado: TypeError - Cannot read properties of undefined (reading 'first_name')"}
{"level":"error","message":"Error Personalizado: TypeError - Cannot read properties of undefined (reading 'first_name')"}
{"level":"error","message":"Error Personalizado: TypeError - Cannot read properties of undefined (reading 'first_name')"}
{"level":"error","message":"Error Personalizado: TypeError - Cannot read properties of undefined (reading 'first_name')"}
{"level":"error","message":"Error Personalizado: TypeError - Cannot read properties of undefined (reading 'first_name')"}
{"level":"error","message":"Error Personalizado: TypeError - Cannot read properties of undefined (reading 'first_name')"}
{"level":"error","message":"Error Personalizado: TypeError - Cannot read properties of undefined (reading 'first_name')"}
{"level":"error","message":"Error Personalizado: TypeError - Cannot read properties of undefined (reading 'first_name')"}
{"level":"error","message":"Error Personalizado: TypeError - Cannot read properties of undefined (reading 'first_name')"}
{"level":"error","message":"Error Personalizado: TypeError - Cannot read properties of undefined (reading 'first_name')"}
{"level":"error","message":"Error Personalizado: TypeError - Cannot read properties of undefined (reading 'first_name')"}
{"level":"error","message":"Error Personalizado: TypeError - Cannot read properties of undefined (reading 'first_name')"}
{"level":"error","message":"Error Personalizado: TypeError - Cannot read properties of undefined (reading 'first_name')"}
{"level":"error","message":"Error Personalizado: TypeError - Cannot read properties of undefined (reading 'first_name')"}
{"level":"error","message":"Error Personalizado: TypeError - Cannot read properties of undefined (reading 'first_name')"}
{"level":"error","message":"Error Personalizado: TypeError - Cannot read properties of undefined (reading 'first_name')"}
{"level":"error","message":"Error Personalizado: TypeError - Cannot read properties of undefined (reading 'first_name')"}
{"level":"error","message":"Error Personalizado: TypeError - Cannot read properties of undefined (reading 'first_name')"}
{"level":"error","message":"Error Personalizado: TypeError - Cannot read properties of undefined (reading 'first_name')"}
{"level":"error","message":"Error Personalizado: TypeError - Cannot read properties of undefined (reading 'first_name')"}
{"level":"error","message":"Error Personalizado: TypeError - Cannot read properties of undefined (reading 'first_name')"}
{"level":"error","message":"Error Personalizado: TypeError - Cannot read properties of undefined (reading 'first_name')"}
{"level":"error","message":"Error Personalizado: TypeError - Cannot read properties of undefined (reading 'first_name')"}
{"level":"error","message":"Error Personalizado: TypeError - Cannot read properties of undefined (reading 'first_name')"}
{"level":"error","message":"Error Personalizado: TypeError - Cannot read properties of undefined (reading 'first_name')"}
{"level":"error","message":"Error Personalizado: TypeError - Cannot read properties of undefined (reading 'first_name')"}
{"level":"error","message":"Error Personalizado: TypeError - Cannot read properties of undefined (reading 'first_name')"}
{"level":"error","message":"Error Personalizado: TypeError - Cannot read properties of undefined (reading 'first_name')"}
{"level":"error","message":"Error Personalizado: TypeError - Cannot read properties of undefined (reading 'first_name')"}
{"level":"error","message":"Error Personalizado: TypeError - Cannot read properties of undefined (reading 'first_name')"}
{"level":"error","message":"Error Personalizado: TypeError - Cannot read properties of undefined (reading 'first_name')"}
{"level":"error","message":"Error Personalizado: TypeError - Cannot read properties of undefined (reading 'first_name')"}
{"level":"error","message":"Error Personalizado: TypeError - Cannot read properties of undefined (reading 'first_name')"}
{"level":"error","message":"Error Personalizado: TypeError - Cannot read properties of undefined (reading 'first_name')"}
{"level":"error","message":"Error Personalizado: TypeError - Cannot read properties of undefined (reading 'first_name')"}
{"level":"error","message":"Error Personalizado: TypeError - Cannot read properties of undefined (reading 'first_name')"}
{"level":"error","message":"Error Personalizado: TypeError - Cannot read properties of undefined (reading 'first_name')"}
{"level":"error","message":"Error Personalizado: TypeError - Cannot read properties of undefined (reading 'first_name')"}
{"level":"error","message":"Error Personalizado: TypeError - Cannot read properties of undefined (reading 'first_name')"}
{"level":"error","message":"Error Personalizado: TypeError - Cannot read properties of undefined (reading 'first_name')"}
{"level":"error","message":"Error Personalizado: TypeError - Cannot read properties of undefined (reading 'first_name')"}
{"level":"error","message":"Error Personalizado: TypeError - Cannot read properties of undefined (reading 'first_name')"}
{"level":"error","message":"Error Personalizado: TypeError - Cannot read properties of undefined (reading 'first_name')"}
{"level":"error","message":"Error Personalizado: TypeError - Cannot read properties of undefined (reading 'first_name')"}
{"level":"error","message":"Error Personalizado: TypeError - Cannot read properties of undefined (reading 'first_name')"}
{"level":"error","message":"Error Personalizado: TypeError - Cannot read properties of undefined (reading 'first_name')"}
{"level":"error","message":"Error Personalizado: TypeError - Cannot read properties of undefined (reading 'first_name')"}
{"level":"error","message":"Error Personalizado: TypeError - Cannot read properties of undefined (reading 'first_name')"}
{"level":"error","message":"Error Personalizado: TypeError - Cannot read properties of undefined (reading 'first_name')"}
{"level":"error","message":"Error Personalizado: TypeError - Cannot read properties of undefined (reading 'first_name')"}
{"level":"error","message":"Error Personalizado: TypeError - Cannot read properties of undefined (reading 'first_name')"}
{"level":"error","message":"Error Personalizado: TypeError - Cannot read properties of undefined (reading 'first_name')"}
{"level":"error","message":"Error Personalizado: TypeError - Cannot read properties of undefined (reading 'first_name')"}
{"level":"error","message":"Error Personalizado: TypeError - Cannot read properties of undefined (reading 'first_name')"}
{"level":"error","message":"Error Personalizado: TypeError - Cannot read properties of undefined (reading 'first_name')"}
{"level":"error","message":"Error Personalizado: TypeError - Cannot read properties of undefined (reading 'first_name')"}
{"level":"error","message":"Error Personalizado: TypeError - Cannot read properties of undefined (reading 'first_name')"}
{"level":"error","message":"Error Personalizado: TypeError - Cannot read properties of undefined (reading 'first_name')"}
{"level":"error","message":"Error Personalizado: TypeError - Cannot read properties of undefined (reading 'first_name')"}
{"level":"error","message":"Error Personalizado: TypeError - Converting circular structure to JSON\n    --> starting at object with constructor 'Socket'\n    |     property 'parser' -> object with constructor 'HTTPParser'\n    --- property 'socket' closes the circle"}
{"level":"error","message":"Error Personalizado: TypeError - Cannot read properties of undefined (reading 'first_name')"}
{"level":"error","message":"Error Personalizado: TypeError - Cannot read properties of undefined (reading 'first_name')"}
{"level":"error","message":"Error Personalizado: TypeError - Cannot read properties of undefined (reading 'first_name')"}
{"level":"error","message":"Error Personalizado: TypeError - Cannot read properties of undefined (reading 'first_name')"}
{"level":"error","message":"Error Personalizado: TypeError - Cannot read properties of undefined (reading 'first_name')"}
{"level":"error","message":"Error Personalizado: TypeError - Cannot read properties of undefined (reading 'first_name')"}
{"level":"error","message":"Error Personalizado: TypeError - Cannot read properties of undefined (reading 'first_name')"}
{"level":"error","message":"Error Personalizado: TypeError - Cannot read properties of undefined (reading 'first_name')"}
{"level":"error","message":"Error Personalizado: TypeError - Cannot read properties of undefined (reading 'first_name')"}
{"level":"error","message":"Error Personalizado: TypeError - Cannot read properties of undefined (reading 'first_name')"}
{"level":"error","message":"Error Personalizado: TypeError - Cannot read properties of undefined (reading 'first_name')"}
{"level":"error","message":"Error Personalizado: TypeError - Cannot read properties of undefined (reading 'send')"}
{"level":"error","message":"Error Personalizado: TypeError - Cannot read properties of undefined (reading 'first_name')"}
{"level":"error","message":"Error Personalizado: TypeError - Cannot read properties of undefined (reading 'first_name')"}
{"level":"error","message":"Error Personalizado: TypeError - Cannot read properties of undefined (reading 'first_name')"}
{"level":"error","message":"Error Personalizado: TypeError - Cannot read properties of undefined (reading 'first_name')"}
{"level":"error","message":"Error Personalizado: TypeError - Cannot read properties of undefined (reading 'first_name')"}
{"level":"error","message":"Error Personalizado: TypeError - Cannot read properties of undefined (reading 'first_name')"}
{"level":"error","message":"Error Personalizado: TypeError - Cannot read properties of undefined (reading 'first_name')"}
{"level":"error","message":"Error Personalizado: TypeError - Cannot read properties of undefined (reading 'first_name')"}
{"level":"error","message":"Error Personalizado: TypeError - Cannot read properties of undefined (reading 'first_name')"}
{"level":"error","message":"Error Personalizado: TypeError - Cannot read properties of undefined (reading 'send')"}
{"level":"error","message":"Error Personalizado: TypeError - Cannot read properties of undefined (reading 'first_name')"}
{"level":"error","message":"Error Personalizado: TypeError - Cannot read properties of undefined (reading 'first_name')"}
{"level":"error","message":"Error Personalizado: TypeError - Cannot read properties of undefined (reading 'first_name')"}
{"level":"error","message":"Error Personalizado: TypeError - Cannot read properties of undefined (reading 'first_name')"}
{"level":"error","message":"Error Personalizado: TypeError - Cannot read properties of undefined (reading 'first_name')"}
{"level":"error","message":"Error Personalizado: TypeError - Cannot read properties of undefined (reading 'first_name')"}
{"level":"error","message":"Error Personalizado: TypeError - Cannot read properties of undefined (reading 'first_name')"}
{"level":"error","message":"Error Personalizado: ReferenceError - getProductsServices is not defined"}
{"level":"error","message":"Error Personalizado: TypeError - Cannot read properties of undefined (reading 'first_name')"}
{"level":"error","message":"Error Personalizado: TypeError - Cannot read properties of undefined (reading 'first_name')"}
{"level":"error","message":"Error Personalizado: TypeError - Cannot read properties of undefined (reading 'first_name')"}
{"level":"error","message":"Error Personalizado: TypeError - Cannot read properties of undefined (reading 'first_name')"}
{"level":"error","message":"Error Personalizado: TypeError - Cannot read properties of undefined (reading 'first_name')"}
{"level":"error","message":"Error Personalizado: TypeError - Cannot read properties of undefined (reading 'first_name')"}
{"level":"error","message":"Error Personalizado: TypeError - Cannot read properties of undefined (reading 'first_name')"}
{"level":"error","message":"Error Personalizado: TypeError - Cannot read properties of undefined (reading 'first_name')"}
{"level":"error","message":"Error Personalizado: TypeError - Cannot read properties of undefined (reading 'first_name')"}
{"level":"error","message":"Error Personalizado: TypeError - Cannot read properties of undefined (reading 'first_name')"}
{"level":"error","message":"Error Personalizado: TypeError - Cannot read properties of undefined (reading 'first_name')"}
{"level":"error","message":"Error Personalizado: TypeError - Cannot read properties of undefined (reading 'first_name')"}
{"level":"error","message":"Error Personalizado: TypeError - Cannot read properties of undefined (reading 'first_name')"}
{"level":"error","message":"Error Personalizado: TypeError - Cannot read properties of undefined (reading 'first_name')"}
{"level":"error","message":"Error Personalizado: TypeError - Cannot read properties of undefined (reading 'first_name')"}
{"level":"error","message":"Error Personalizado: TypeError - Cannot read properties of undefined (reading 'first_name')"}
{"level":"error","message":"Error Personalizado: TypeError - Cannot read properties of undefined (reading 'first_name')"}
{"level":"error","message":"Error Personalizado: TypeError - Cannot read properties of undefined (reading 'first_name')"}
{"level":"error","message":"Error Personalizado: TypeError - Cannot read properties of undefined (reading 'first_name')"}
{"level":"error","message":"Error Personalizado: TypeError - Cannot read properties of undefined (reading 'first_name')"}
{"level":"error","message":"Error Personalizado: TypeError - Cannot read properties of undefined (reading 'first_name')"}
{"level":"error","message":"Error Personalizado: TypeError - Cannot read properties of undefined (reading 'first_name')"}
{"level":"error","message":"Error Personalizado: TypeError - Cannot read properties of undefined (reading 'first_name')"}
{"level":"error","message":"Error Personalizado: TypeError - Cannot read properties of undefined (reading 'first_name')"}
{"level":"error","message":"Error Personalizado: TypeError - Cannot read properties of undefined (reading 'first_name')"}
{"level":"error","message":"Error Personalizado: TypeError - Cannot read properties of undefined (reading 'first_name')"}
{"level":"error","message":"Error Personalizado: TypeError - Cannot read properties of undefined (reading 'first_name')"}
{"level":"error","message":"Error Personalizado: TypeError - Cannot read properties of undefined (reading 'first_name')"}
{"level":"error","message":"Error Personalizado: TypeError - Cannot read properties of undefined (reading 'first_name')"}
{"level":"error","message":"Error Personalizado: TypeError - Cannot read properties of undefined (reading 'first_name')"}
{"level":"error","message":"Error Personalizado: TypeError - Cannot read properties of undefined (reading 'first_name')"}
{"level":"error","message":"Error Personalizado: TypeError - Cannot read properties of undefined (reading 'first_name')"}
{"level":"error","message":"Error Personalizado: TypeError - Cannot read properties of undefined (reading 'first_name')"}
{"level":"error","message":"Error Personalizado: TypeError - Cannot read properties of undefined (reading 'first_name')"}
{"level":"error","message":"Error Personalizado: TypeError - Cannot read properties of undefined (reading 'first_name')"}
{"level":"error","message":"Error Personalizado: TypeError - Cannot read properties of undefined (reading 'first_name')"}
{"level":"error","message":"Error Personalizado: TypeError - Cannot read properties of undefined (reading 'first_name')"}
{"level":"error","message":"Error Personalizado: TypeError - Cannot read properties of undefined (reading 'first_name')"}
{"level":"error","message":"Error Personalizado: ReferenceError - urlParams is not defined"}
{"level":"error","message":"Error Personalizado: ReferenceError - query is not defined"}
{"level":"error","message":"Error Personalizado: TypeError - Cannot read properties of undefined (reading 'first_name')"}
{"level":"error","message":"Error Personalizado: TypeError - Cannot read properties of undefined (reading 'first_name')"}
{"level":"error","message":"Error Personalizado: SyntaxError - Unexpected token u in JSON at position 0"}
{"level":"error","message":"Error Personalizado: SyntaxError - Unexpected token u in JSON at position 0"}
{"level":"error","message":"Error Personalizado: SyntaxError - Unexpected token u in JSON at position 0"}
{"level":"error","message":"Error Personalizado: SyntaxError - Unexpected token u in JSON at position 0"}
{"level":"error","message":"Error Personalizado: SyntaxError - Unexpected token u in JSON at position 0"}
{"level":"error","message":"Error Personalizado: SyntaxError - Unexpected token u in JSON at position 0"}
{"level":"error","message":"Error Personalizado: ReferenceError - query is not defined"}
{"level":"error","message":"Error Personalizado: TypeError - Cannot create property 'prevLink' on number '1'"}
{"level":"error","message":"Error Personalizado: TypeError - Cannot create property 'prevLink' on number 'NaN'"}
{"level":"error","message":"Error Personalizado: TypeError - Cannot create property 'prevLink' on number 'NaN'"}
{"level":"error","message":"Error Personalizado: ReferenceError - query is not defined"}
{"level":"error","message":"Error Personalizado: TypeError - Cannot read properties of undefined (reading 'first_name')"}
